Copyright 1986-2021 Xilinx, Inc. All Rights Reserved.
-----------------------------------------------------------------------------------------------------------------------------------------------------------------------------
| Tool Version : Vivado v.2021.2 (win64) Build 3367213 Tue Oct 19 02:48:09 MDT 2021
| Date         : Sun Feb 19 01:23:30 2023
| Host         : Giorgio running 64-bit major release  (build 9200)
| Command      : report_methodology -file FilterCircuit_methodology_drc_routed.rpt -pb FilterCircuit_methodology_drc_routed.pb -rpx FilterCircuit_methodology_drc_routed.rpx
| Design       : FilterCircuit
| Device       : xc7z020clg400-1
| Speed File   : -1
| Design State : Fully Routed
-----------------------------------------------------------------------------------------------------------------------------------------------------------------------------

Report Methodology

Table of Contents
-----------------
1. REPORT SUMMARY
2. REPORT DETAILS

1. REPORT SUMMARY
-----------------
            Netlist: netlist
          Floorplan: design_1
      Design limits: <entire design considered>
             Max violations: <unlimited>
             Violations found: 85
+-----------+----------+-------------------------------+------------+
| Rule      | Severity | Description                   | Violations |
+-----------+----------+-------------------------------+------------+
| TIMING-18 | Warning  | Missing input or output delay | 85         |
+-----------+----------+-------------------------------+------------+

2. REPORT DETAILS
-----------------
TIMING-18#1 Warning
Missing input or output delay  
An input delay is missing on START relative to clock(s) my_clock
Related violations: <none>

TIMING-18#2 Warning
Missing input or output delay  
An input delay is missing on W1[0] relative to clock(s) my_clock
Related violations: <none>

TIMING-18#3 Warning
Missing input or output delay  
An input delay is missing on W1[1] relative to clock(s) my_clock
Related violations: <none>

TIMING-18#4 Warning
Missing input or output delay  
An input delay is missing on W1[2] relative to clock(s) my_clock
Related violations: <none>

TIMING-18#5 Warning
Missing input or output delay  
An input delay is missing on W1[3] relative to clock(s) my_clock
Related violations: <none>

TIMING-18#6 Warning
Missing input or output delay  
An input delay is missing on W1[4] relative to clock(s) my_clock
Related violations: <none>

TIMING-18#7 Warning
Missing input or output delay  
An input delay is missing on W1[5] relative to clock(s) my_clock
Related violations: <none>

TIMING-18#8 Warning
Missing input or output delay  
An input delay is missing on W1[6] relative to clock(s) my_clock
Related violations: <none>

TIMING-18#9 Warning
Missing input or output delay  
An input delay is missing on W1[7] relative to clock(s) my_clock
Related violations: <none>

TIMING-18#10 Warning
Missing input or output delay  
An input delay is missing on W2[0] relative to clock(s) my_clock
Related violations: <none>

TIMING-18#11 Warning
Missing input or output delay  
An input delay is missing on W2[1] relative to clock(s) my_clock
Related violations: <none>

TIMING-18#12 Warning
Missing input or output delay  
An input delay is missing on W2[2] relative to clock(s) my_clock
Related violations: <none>

TIMING-18#13 Warning
Missing input or output delay  
An input delay is missing on W2[3] relative to clock(s) my_clock
Related violations: <none>

TIMING-18#14 Warning
Missing input or output delay  
An input delay is missing on W2[4] relative to clock(s) my_clock
Related violations: <none>

TIMING-18#15 Warning
Missing input or output delay  
An input delay is missing on W2[5] relative to clock(s) my_clock
Related violations: <none>

TIMING-18#16 Warning
Missing input or output delay  
An input delay is missing on W2[6] relative to clock(s) my_clock
Related violations: <none>

TIMING-18#17 Warning
Missing input or output delay  
An input delay is missing on W2[7] relative to clock(s) my_clock
Related violations: <none>

TIMING-18#18 Warning
Missing input or output delay  
An input delay is missing on W3[0] relative to clock(s) my_clock
Related violations: <none>

TIMING-18#19 Warning
Missing input or output delay  
An input delay is missing on W3[1] relative to clock(s) my_clock
Related violations: <none>

TIMING-18#20 Warning
Missing input or output delay  
An input delay is missing on W3[2] relative to clock(s) my_clock
Related violations: <none>

TIMING-18#21 Warning
Missing input or output delay  
An input delay is missing on W3[3] relative to clock(s) my_clock
Related violations: <none>

TIMING-18#22 Warning
Missing input or output delay  
An input delay is missing on W3[4] relative to clock(s) my_clock
Related violations: <none>

TIMING-18#23 Warning
Missing input or output delay  
An input delay is missing on W3[5] relative to clock(s) my_clock
Related violations: <none>

TIMING-18#24 Warning
Missing input or output delay  
An input delay is missing on W3[6] relative to clock(s) my_clock
Related violations: <none>

TIMING-18#25 Warning
Missing input or output delay  
An input delay is missing on W3[7] relative to clock(s) my_clock
Related violations: <none>

TIMING-18#26 Warning
Missing input or output delay  
An input delay is missing on W4[0] relative to clock(s) my_clock
Related violations: <none>

TIMING-18#27 Warning
Missing input or output delay  
An input delay is missing on W4[1] relative to clock(s) my_clock
Related violations: <none>

TIMING-18#28 Warning
Missing input or output delay  
An input delay is missing on W4[2] relative to clock(s) my_clock
Related violations: <none>

TIMING-18#29 Warning
Missing input or output delay  
An input delay is missing on W4[3] relative to clock(s) my_clock
Related violations: <none>

TIMING-18#30 Warning
Missing input or output delay  
An input delay is missing on W4[4] relative to clock(s) my_clock
Related violations: <none>

TIMING-18#31 Warning
Missing input or output delay  
An input delay is missing on W4[5] relative to clock(s) my_clock
Related violations: <none>

TIMING-18#32 Warning
Missing input or output delay  
An input delay is missing on W4[6] relative to clock(s) my_clock
Related violations: <none>

TIMING-18#33 Warning
Missing input or output delay  
An input delay is missing on W4[7] relative to clock(s) my_clock
Related violations: <none>

TIMING-18#34 Warning
Missing input or output delay  
An input delay is missing on W5[0] relative to clock(s) my_clock
Related violations: <none>

TIMING-18#35 Warning
Missing input or output delay  
An input delay is missing on W5[1] relative to clock(s) my_clock
Related violations: <none>

TIMING-18#36 Warning
Missing input or output delay  
An input delay is missing on W5[2] relative to clock(s) my_clock
Related violations: <none>

TIMING-18#37 Warning
Missing input or output delay  
An input delay is missing on W5[3] relative to clock(s) my_clock
Related violations: <none>

TIMING-18#38 Warning
Missing input or output delay  
An input delay is missing on W5[4] relative to clock(s) my_clock
Related violations: <none>

TIMING-18#39 Warning
Missing input or output delay  
An input delay is missing on W5[5] relative to clock(s) my_clock
Related violations: <none>

TIMING-18#40 Warning
Missing input or output delay  
An input delay is missing on W5[6] relative to clock(s) my_clock
Related violations: <none>

TIMING-18#41 Warning
Missing input or output delay  
An input delay is missing on W5[7] relative to clock(s) my_clock
Related violations: <none>

TIMING-18#42 Warning
Missing input or output delay  
An input delay is missing on W[0] relative to clock(s) my_clock
Related violations: <none>

TIMING-18#43 Warning
Missing input or output delay  
An input delay is missing on W[1] relative to clock(s) my_clock
Related violations: <none>

TIMING-18#44 Warning
Missing input or output delay  
An input delay is missing on W[2] relative to clock(s) my_clock
Related violations: <none>

TIMING-18#45 Warning
Missing input or output delay  
An input delay is missing on W[3] relative to clock(s) my_clock
Related violations: <none>

TIMING-18#46 Warning
Missing input or output delay  
An input delay is missing on W[4] relative to clock(s) my_clock
Related violations: <none>

TIMING-18#47 Warning
Missing input or output delay  
An input delay is missing on W[5] relative to clock(s) my_clock
Related violations: <none>

TIMING-18#48 Warning
Missing input or output delay  
An input delay is missing on W[6] relative to clock(s) my_clock
Related violations: <none>

TIMING-18#49 Warning
Missing input or output delay  
An input delay is missing on W[7] relative to clock(s) my_clock
Related violations: <none>

TIMING-18#50 Warning
Missing input or output delay  
An input delay is missing on pixel_in[0] relative to clock(s) my_clock
Related violations: <none>

TIMING-18#51 Warning
Missing input or output delay  
An input delay is missing on pixel_in[1] relative to clock(s) my_clock
Related violations: <none>

TIMING-18#52 Warning
Missing input or output delay  
An input delay is missing on pixel_in[2] relative to clock(s) my_clock
Related violations: <none>

TIMING-18#53 Warning
Missing input or output delay  
An input delay is missing on pixel_in[3] relative to clock(s) my_clock
Related violations: <none>

TIMING-18#54 Warning
Missing input or output delay  
An input delay is missing on pixel_in[4] relative to clock(s) my_clock
Related violations: <none>

TIMING-18#55 Warning
Missing input or output delay  
An input delay is missing on pixel_in[5] relative to clock(s) my_clock
Related violations: <none>

TIMING-18#56 Warning
Missing input or output delay  
An input delay is missing on pixel_in[6] relative to clock(s) my_clock
Related violations: <none>

TIMING-18#57 Warning
Missing input or output delay  
An input delay is missing on pixel_in[7] relative to clock(s) my_clock
Related violations: <none>

TIMING-18#58 Warning
Missing input or output delay  
An input delay is missing on read_enable relative to clock(s) my_clock
Related violations: <none>

TIMING-18#59 Warning
Missing input or output delay  
An input delay is missing on reset relative to clock(s) my_clock
Related violations: <none>

TIMING-18#60 Warning
Missing input or output delay  
An output delay is missing on data_valid_out relative to clock(s) my_clock
Related violations: <none>

TIMING-18#61 Warning
Missing input or output delay  
An output delay is missing on filtered_pixel[0] relative to clock(s) my_clock
Related violations: <none>

TIMING-18#62 Warning
Missing input or output delay  
An output delay is missing on filtered_pixel[10] relative to clock(s) my_clock
Related violations: <none>

TIMING-18#63 Warning
Missing input or output delay  
An output delay is missing on filtered_pixel[11] relative to clock(s) my_clock
Related violations: <none>

TIMING-18#64 Warning
Missing input or output delay  
An output delay is missing on filtered_pixel[12] relative to clock(s) my_clock
Related violations: <none>

TIMING-18#65 Warning
Missing input or output delay  
An output delay is missing on filtered_pixel[13] relative to clock(s) my_clock
Related violations: <none>

TIMING-18#66 Warning
Missing input or output delay  
An output delay is missing on filtered_pixel[14] relative to clock(s) my_clock
Related violations: <none>

TIMING-18#67 Warning
Missing input or output delay  
An output delay is missing on filtered_pixel[15] relative to clock(s) my_clock
Related violations: <none>

TIMING-18#68 Warning
Missing input or output delay  
An output delay is missing on filtered_pixel[16] relative to clock(s) my_clock
Related violations: <none>

TIMING-18#69 Warning
Missing input or output delay  
An output delay is missing on filtered_pixel[17] relative to clock(s) my_clock
Related violations: <none>

TIMING-18#70 Warning
Missing input or output delay  
An output delay is missing on filtered_pixel[18] relative to clock(s) my_clock
Related violations: <none>

TIMING-18#71 Warning
Missing input or output delay  
An output delay is missing on filtered_pixel[19] relative to clock(s) my_clock
Related violations: <none>

TIMING-18#72 Warning
Missing input or output delay  
An output delay is missing on filtered_pixel[1] relative to clock(s) my_clock
Related violations: <none>

TIMING-18#73 Warning
Missing input or output delay  
An output delay is missing on filtered_pixel[20] relative to clock(s) my_clock
Related violations: <none>

TIMING-18#74 Warning
Missing input or output delay  
An output delay is missing on filtered_pixel[21] relative to clock(s) my_clock
Related violations: <none>

TIMING-18#75 Warning
Missing input or output delay  
An output delay is missing on filtered_pixel[22] relative to clock(s) my_clock
Related violations: <none>

TIMING-18#76 Warning
Missing input or output delay  
An output delay is missing on filtered_pixel[23] relative to clock(s) my_clock
Related violations: <none>

TIMING-18#77 Warning
Missing input or output delay  
An output delay is missing on filtered_pixel[2] relative to clock(s) my_clock
Related violations: <none>

TIMING-18#78 Warning
Missing input or output delay  
An output delay is missing on filtered_pixel[3] relative to clock(s) my_clock
Related violations: <none>

TIMING-18#79 Warning
Missing input or output delay  
An output delay is missing on filtered_pixel[4] relative to clock(s) my_clock
Related violations: <none>

TIMING-18#80 Warning
Missing input or output delay  
An output delay is missing on filtered_pixel[5] relative to clock(s) my_clock
Related violations: <none>

TIMING-18#81 Warning
Missing input or output delay  
An output delay is missing on filtered_pixel[6] relative to clock(s) my_clock
Related violations: <none>

TIMING-18#82 Warning
Missing input or output delay  
An output delay is missing on filtered_pixel[7] relative to clock(s) my_clock
Related violations: <none>

TIMING-18#83 Warning
Missing input or output delay  
An output delay is missing on filtered_pixel[8] relative to clock(s) my_clock
Related violations: <none>

TIMING-18#84 Warning
Missing input or output delay  
An output delay is missing on filtered_pixel[9] relative to clock(s) my_clock
Related violations: <none>

TIMING-18#85 Warning
Missing input or output delay  
An output delay is missing on last_elaboration relative to clock(s) my_clock
Related violations: <none>


