INFO: [VRFC 10-2263] Analyzing Verilog file "C:/Users/giorg/Desktop/progetto-psd/vivado/progetto-psd/progetto-psd.sim/sim_1/impl/timing/xsim/TB_time_impl.v" into library xil_defaultlib
INFO: [VRFC 10-311] analyzing module BufferLine
INFO: [VRFC 10-311] analyzing module Counter_13bit
INFO: [VRFC 10-311] analyzing module FF_T
INFO: [VRFC 10-311] analyzing module FF_T_10
INFO: [VRFC 10-311] analyzing module FF_T_11
INFO: [VRFC 10-311] analyzing module FF_T_12
INFO: [VRFC 10-311] analyzing module FF_T_13
INFO: [VRFC 10-311] analyzing module FF_T_14
INFO: [VRFC 10-311] analyzing module FF_T_15
INFO: [VRFC 10-311] analyzing module FF_T_16
INFO: [VRFC 10-311] analyzing module FF_T_17
INFO: [VRFC 10-311] analyzing module FF_T_18
INFO: [VRFC 10-311] analyzing module FF_T_19
INFO: [VRFC 10-311] analyzing module FF_T_20
INFO: [VRFC 10-311] analyzing module FF_T_21
INFO: [VRFC 10-311] analyzing module FSM
INFO: [VRFC 10-311] analyzing module FSM_and_Counter
INFO: [VRFC 10-311] analyzing module FilterCircuit
INFO: [VRFC 10-311] analyzing module Reg_Module_AddMult
INFO: [VRFC 10-311] analyzing module Reg_Module_MultAdd
INFO: [VRFC 10-311] analyzing module Registro
INFO: [VRFC 10-311] analyzing module Registro_5
INFO: [VRFC 10-311] analyzing module Registro_6
INFO: [VRFC 10-311] analyzing module Registro_7
INFO: [VRFC 10-311] analyzing module Registro_8
INFO: [VRFC 10-311] analyzing module Registro_9
INFO: [VRFC 10-311] analyzing module Registro__parameterized2
INFO: [VRFC 10-311] analyzing module Registro__parameterized2_0
INFO: [VRFC 10-311] analyzing module Registro__parameterized2_1
INFO: [VRFC 10-311] analyzing module Registro__parameterized2_2
INFO: [VRFC 10-311] analyzing module Registro__parameterized2_3
INFO: [VRFC 10-311] analyzing module Registro__parameterized2_4
INFO: [VRFC 10-311] analyzing module Registro__parameterized4
INFO: [VRFC 10-311] analyzing module glbl
